<?xml version="1.0" encoding="UTF-8"?>
<!-- Generated by org.testng.reporters.JUnitReportReporter -->
<testsuite hostname="LAPTOP-K8TBLJUL" failures="0" tests="1" name="Campaige.CreateOrganization" time="24.562" errors="0" timestamp="2023-05-02T17:18:34 IST" skipped="0">
  <testcase classname="Campaige.CreateOrganization" name="createOrganization" time="24.562"/>
  <system-out/>
</testsuite> <!-- Campaige.CreateOrganization -->
