<?xml version="1.0" encoding="UTF-8"?>
<!-- Generated by org.testng.reporters.JUnitReportReporter -->
<testsuite hostname="LAPTOP-K8TBLJUL" failures="0" tests="1" name="Campaige.CreateCampaige" time="21.107" errors="0" timestamp="2023-05-05T17:31:55 IST" skipped="0">
  <testcase classname="Campaige.CreateCampaige" name="createCampaige" time="21.107"/>
  <system-out/>
</testsuite> <!-- Campaige.CreateCampaige -->
