<?xml version="1.0" encoding="UTF-8"?>
<!-- Generated by org.testng.reporters.JUnitReportReporter -->
<testsuite hostname="LAPTOP-K8TBLJUL" failures="0" tests="1" name="Campaige.OrganisationwithProouct" time="43.060" errors="0" timestamp="2023-04-28T16:52:39 IST" skipped="0">
  <testcase classname="Campaige.OrganisationwithProouct" name="organisationwithProouct" time="43.060"/>
  <system-out/>
</testsuite> <!-- Campaige.OrganisationwithProouct -->
