<?xml version="1.0" encoding="UTF-8"?>
<!-- Generated by org.testng.reporters.JUnitReportReporter -->
<testsuite hostname="LAPTOP-K8TBLJUL" failures="0" tests="2" name="Practise.SampleTest" time="0.016" errors="0" timestamp="2023-04-26T17:04:46 IST" skipped="0">
  <testcase classname="Practise.SampleTest" name="modifycontact" time="0.014"/>
  <system-out/>
  <testcase classname="Practise.SampleTest" name="createcontact" time="0.002"/>
  <system-out/>
</testsuite> <!-- Practise.SampleTest -->
